{"/Users/nickwlong/Projects/Javascript/TenMinuteWalk/TenMinuteWalk.js": {"path":"/Users/nickwlong/Projects/Javascript/TenMinuteWalk/TenMinuteWalk.js","statementMap":{"0":{"start":{"line":3,"column":4},"end":{"line":3,"column":22}},"1":{"start":{"line":7,"column":24},"end":{"line":7,"column":25}},"2":{"start":{"line":8,"column":4},"end":{"line":11,"column":7}},"3":{"start":{"line":9,"column":6},"end":{"line":10,"column":46}},"4":{"start":{"line":9,"column":29},"end":{"line":9,"column":47}},"5":{"start":{"line":9,"column":54},"end":{"line":10,"column":46}},"6":{"start":{"line":10,"column":27},"end":{"line":10,"column":45}},"7":{"start":{"line":12,"column":4},"end":{"line":12,"column":42}},"8":{"start":{"line":16,"column":26},"end":{"line":16,"column":27}},"9":{"start":{"line":17,"column":4},"end":{"line":20,"column":7}},"10":{"start":{"line":18,"column":6},"end":{"line":19,"column":48}},"11":{"start":{"line":18,"column":29},"end":{"line":18,"column":49}},"12":{"start":{"line":18,"column":56},"end":{"line":19,"column":48}},"13":{"start":{"line":19,"column":27},"end":{"line":19,"column":47}},"14":{"start":{"line":21,"column":4},"end":{"line":21,"column":44}},"15":{"start":{"line":25,"column":4},"end":{"line":25,"column":54}},"16":{"start":{"line":25,"column":22},"end":{"line":25,"column":33}},"17":{"start":{"line":25,"column":41},"end":{"line":25,"column":53}},"18":{"start":{"line":29,"column":4},"end":{"line":30,"column":23}},"19":{"start":{"line":29,"column":35},"end":{"line":29,"column":46}},"20":{"start":{"line":30,"column":10},"end":{"line":30,"column":22}},"21":{"start":{"line":34,"column":4},"end":{"line":34,"column":108}},"22":{"start":{"line":34,"column":76},"end":{"line":34,"column":88}},"23":{"start":{"line":34,"column":96},"end":{"line":34,"column":107}},"24":{"start":{"line":38,"column":4},"end":{"line":38,"column":90}},"25":{"start":{"line":38,"column":58},"end":{"line":38,"column":69}},"26":{"start":{"line":38,"column":77},"end":{"line":38,"column":89}},"27":{"start":{"line":44,"column":0},"end":{"line":44,"column":30}}},"fnMap":{"0":{"name":"(anonymous_0)","decl":{"start":{"line":2,"column":2},"end":{"line":2,"column":3}},"loc":{"start":{"line":2,"column":21},"end":{"line":4,"column":3}},"line":2},"1":{"name":"(anonymous_1)","decl":{"start":{"line":6,"column":2},"end":{"line":6,"column":3}},"loc":{"start":{"line":6,"column":18},"end":{"line":13,"column":3}},"line":6},"2":{"name":"(anonymous_2)","decl":{"start":{"line":8,"column":23},"end":{"line":8,"column":24}},"loc":{"start":{"line":8,"column":36},"end":{"line":11,"column":5}},"line":8},"3":{"name":"(anonymous_3)","decl":{"start":{"line":15,"column":2},"end":{"line":15,"column":3}},"loc":{"start":{"line":15,"column":20},"end":{"line":22,"column":3}},"line":15},"4":{"name":"(anonymous_4)","decl":{"start":{"line":17,"column":23},"end":{"line":17,"column":24}},"loc":{"start":{"line":17,"column":36},"end":{"line":20,"column":5}},"line":17},"5":{"name":"(anonymous_5)","decl":{"start":{"line":24,"column":2},"end":{"line":24,"column":3}},"loc":{"start":{"line":24,"column":21},"end":{"line":26,"column":3}},"line":24},"6":{"name":"(anonymous_6)","decl":{"start":{"line":28,"column":2},"end":{"line":28,"column":3}},"loc":{"start":{"line":28,"column":17},"end":{"line":31,"column":3}},"line":28},"7":{"name":"(anonymous_7)","decl":{"start":{"line":33,"column":2},"end":{"line":33,"column":3}},"loc":{"start":{"line":33,"column":23},"end":{"line":35,"column":3}},"line":33},"8":{"name":"(anonymous_8)","decl":{"start":{"line":37,"column":2},"end":{"line":37,"column":3}},"loc":{"start":{"line":37,"column":20},"end":{"line":40,"column":3}},"line":37}},"branchMap":{"0":{"loc":{"start":{"line":9,"column":6},"end":{"line":10,"column":46}},"type":"if","locations":[{"start":{"line":9,"column":6},"end":{"line":10,"column":46}},{"start":{"line":9,"column":54},"end":{"line":10,"column":46}}],"line":9},"1":{"loc":{"start":{"line":9,"column":54},"end":{"line":10,"column":46}},"type":"if","locations":[{"start":{"line":9,"column":54},"end":{"line":10,"column":46}},{"start":{},"end":{}}],"line":9},"2":{"loc":{"start":{"line":18,"column":6},"end":{"line":19,"column":48}},"type":"if","locations":[{"start":{"line":18,"column":6},"end":{"line":19,"column":48}},{"start":{"line":18,"column":56},"end":{"line":19,"column":48}}],"line":18},"3":{"loc":{"start":{"line":18,"column":56},"end":{"line":19,"column":48}},"type":"if","locations":[{"start":{"line":18,"column":56},"end":{"line":19,"column":48}},{"start":{},"end":{}}],"line":18},"4":{"loc":{"start":{"line":25,"column":4},"end":{"line":25,"column":54}},"type":"if","locations":[{"start":{"line":25,"column":4},"end":{"line":25,"column":54}},{"start":{"line":25,"column":40},"end":{"line":25,"column":54}}],"line":25},"5":{"loc":{"start":{"line":29,"column":4},"end":{"line":30,"column":23}},"type":"if","locations":[{"start":{"line":29,"column":4},"end":{"line":30,"column":23}},{"start":{"line":30,"column":9},"end":{"line":30,"column":23}}],"line":29},"6":{"loc":{"start":{"line":34,"column":4},"end":{"line":34,"column":108}},"type":"if","locations":[{"start":{"line":34,"column":4},"end":{"line":34,"column":108}},{"start":{"line":34,"column":95},"end":{"line":34,"column":108}}],"line":34},"7":{"loc":{"start":{"line":34,"column":7},"end":{"line":34,"column":73}},"type":"binary-expr","locations":[{"start":{"line":34,"column":7},"end":{"line":34,"column":37}},{"start":{"line":34,"column":41},"end":{"line":34,"column":73}}],"line":34},"8":{"loc":{"start":{"line":38,"column":4},"end":{"line":38,"column":90}},"type":"if","locations":[{"start":{"line":38,"column":4},"end":{"line":38,"column":90}},{"start":{"line":38,"column":76},"end":{"line":38,"column":90}}],"line":38},"9":{"loc":{"start":{"line":38,"column":7},"end":{"line":38,"column":55}},"type":"binary-expr","locations":[{"start":{"line":38,"column":7},"end":{"line":38,"column":32}},{"start":{"line":38,"column":36},"end":{"line":38,"column":55}}],"line":38}},"s":{"0":16,"1":8,"2":8,"3":63,"4":10,"5":53,"6":12,"7":8,"8":9,"9":9,"10":71,"11":43,"12":28,"13":20,"14":9,"15":17,"16":9,"17":8,"18":5,"19":2,"20":3,"21":4,"22":2,"23":2,"24":3,"25":1,"26":2,"27":1},"f":{"0":16,"1":8,"2":63,"3":9,"4":71,"5":17,"6":5,"7":4,"8":3},"b":{"0":[10,53],"1":[12,41],"2":[43,28],"3":[20,8],"4":[9,8],"5":[2,3],"6":[2,2],"7":[4,4],"8":[1,2],"9":[3,2]},"_coverageSchema":"1a1c01bbd47fc00a2c39e90264f33305004495a9","hash":"5117cb8a858e3b1581aa0f03a666259a9a5a3ac5"}
}
