TN:
SF:TenMinuteWalk.js
FN:2,(anonymous_0)
FN:6,(anonymous_1)
FN:8,(anonymous_2)
FN:15,(anonymous_3)
FN:17,(anonymous_4)
FN:24,(anonymous_5)
FN:28,(anonymous_6)
FN:33,(anonymous_7)
FN:37,(anonymous_8)
FNF:9
FNH:9
FNDA:16,(anonymous_0)
FNDA:8,(anonymous_1)
FNDA:63,(anonymous_2)
FNDA:9,(anonymous_3)
FNDA:71,(anonymous_4)
FNDA:17,(anonymous_5)
FNDA:5,(anonymous_6)
FNDA:4,(anonymous_7)
FNDA:3,(anonymous_8)
DA:3,16
DA:7,8
DA:8,8
DA:9,63
DA:10,12
DA:12,8
DA:16,9
DA:17,9
DA:18,71
DA:19,20
DA:21,9
DA:25,17
DA:29,5
DA:30,3
DA:34,4
DA:38,3
DA:44,1
LF:17
LH:17
BRDA:9,0,0,10
BRDA:9,0,1,53
BRDA:9,1,0,12
BRDA:9,1,1,41
BRDA:18,2,0,43
BRDA:18,2,1,28
BRDA:18,3,0,20
BRDA:18,3,1,8
BRDA:25,4,0,9
BRDA:25,4,1,8
BRDA:29,5,0,2
BRDA:29,5,1,3
BRDA:34,6,0,2
BRDA:34,6,1,2
BRDA:34,7,0,4
BRDA:34,7,1,4
BRDA:38,8,0,1
BRDA:38,8,1,2
BRDA:38,9,0,3
BRDA:38,9,1,2
BRF:20
BRH:20
end_of_record
