<?xml version="1.0" encoding="UTF-8"?>
<coverage generated="1662979745060" clover="3.2.0">
  <project timestamp="1662979745061" name="All files">
    <metrics statements="9" coveredstatements="9" conditionals="2" coveredconditionals="2" methods="5" coveredmethods="5" elements="16" coveredelements="16" complexity="0" loc="9" ncloc="9" packages="2" files="2" classes="2"/>
    <package name="Thermostat">
      <metrics statements="3" coveredstatements="3" conditionals="0" coveredconditionals="0" methods="1" coveredmethods="1"/>
      <file name="add.js" path="/Users/nickwlong/Projects/Javascript/1. Test-driving JS/Thermostat/add.js">
        <metrics statements="3" coveredstatements="3" conditionals="0" coveredconditionals="0" methods="1" coveredmethods="1"/>
        <line num="1" count="1" type="stmt"/>
        <line num="2" count="1" type="stmt"/>
        <line num="5" count="1" type="stmt"/>
      </file>
    </package>
    <package name="Thermostat.lib">
      <metrics statements="6" coveredstatements="6" conditionals="2" coveredconditionals="2" methods="4" coveredmethods="4"/>
      <file name="Thermostat.js" path="/Users/nickwlong/Projects/Javascript/1. Test-driving JS/Thermostat/lib/Thermostat.js">
        <metrics statements="6" coveredstatements="6" conditionals="2" coveredconditionals="2" methods="4" coveredmethods="4"/>
        <line num="3" count="5" type="stmt"/>
        <line num="4" count="5" type="stmt"/>
        <line num="8" count="5" type="stmt"/>
        <line num="12" count="15" type="cond" truecount="2" falsecount="0"/>
        <line num="16" count="1" type="stmt"/>
        <line num="22" count="1" type="stmt"/>
      </file>
    </package>
  </project>
</coverage>
