{
  "/Users/nickwlong/Projects/Javascript/1. Test-driving JS/Thermostat/add.js": {
    "path": "/Users/nickwlong/Projects/Javascript/1. Test-driving JS/Thermostat/add.js",
    "statementMap": {
      "0": {
        "start": { "line": 1, "column": 12 },
        "end": { "line": 3, "column": 1 }
      },
      "1": {
        "start": { "line": 2, "column": 2 },
        "end": { "line": 2, "column": 15 }
      },
      "2": {
        "start": { "line": 5, "column": 0 },
        "end": { "line": 5, "column": 20 }
      }
    },
    "fnMap": {
      "0": {
        "name": "(anonymous_0)",
        "decl": {
          "start": { "line": 1, "column": 12 },
          "end": { "line": 1, "column": 13 }
        },
        "loc": {
          "start": { "line": 1, "column": 22 },
          "end": { "line": 3, "column": 1 }
        },
        "line": 1
      }
    },
    "branchMap": {},
    "s": { "0": 1, "1": 1, "2": 1 },
    "f": { "0": 1 },
    "b": {},
    "_coverageSchema": "1a1c01bbd47fc00a2c39e90264f33305004495a9",
    "hash": "d5c1d45434a45cf8c83d5b606040bdf730a17e29"
  },
  "/Users/nickwlong/Projects/Javascript/1. Test-driving JS/Thermostat/lib/Thermostat.js": {
    "path": "/Users/nickwlong/Projects/Javascript/1. Test-driving JS/Thermostat/lib/Thermostat.js",
    "statementMap": {
      "0": {
        "start": { "line": 3, "column": 4 },
        "end": { "line": 3, "column": 26 }
      },
      "1": {
        "start": { "line": 4, "column": 4 },
        "end": { "line": 4, "column": 26 }
      },
      "2": {
        "start": { "line": 8, "column": 4 },
        "end": { "line": 8, "column": 27 }
      },
      "3": {
        "start": { "line": 12, "column": 4 },
        "end": { "line": 12, "column": 55 }
      },
      "4": {
        "start": { "line": 12, "column": 32 },
        "end": { "line": 12, "column": 54 }
      },
      "5": {
        "start": { "line": 16, "column": 4 },
        "end": { "line": 16, "column": 25 }
      },
      "6": {
        "start": { "line": 22, "column": 0 },
        "end": { "line": 22, "column": 27 }
      }
    },
    "fnMap": {
      "0": {
        "name": "(anonymous_0)",
        "decl": {
          "start": { "line": 2, "column": 2 },
          "end": { "line": 2, "column": 3 }
        },
        "loc": {
          "start": { "line": 2, "column": 15 },
          "end": { "line": 5, "column": 3 }
        },
        "line": 2
      },
      "1": {
        "name": "(anonymous_1)",
        "decl": {
          "start": { "line": 7, "column": 2 },
          "end": { "line": 7, "column": 3 }
        },
        "loc": {
          "start": { "line": 7, "column": 19 },
          "end": { "line": 9, "column": 3 }
        },
        "line": 7
      },
      "2": {
        "name": "(anonymous_2)",
        "decl": {
          "start": { "line": 11, "column": 2 },
          "end": { "line": 11, "column": 3 }
        },
        "loc": {
          "start": { "line": 11, "column": 7 },
          "end": { "line": 13, "column": 3 }
        },
        "line": 11
      },
      "3": {
        "name": "(anonymous_3)",
        "decl": {
          "start": { "line": 15, "column": 2 },
          "end": { "line": 15, "column": 3 }
        },
        "loc": {
          "start": { "line": 15, "column": 9 },
          "end": { "line": 17, "column": 3 }
        },
        "line": 15
      }
    },
    "branchMap": {
      "0": {
        "loc": {
          "start": { "line": 12, "column": 4 },
          "end": { "line": 12, "column": 55 }
        },
        "type": "if",
        "locations": [
          {
            "start": { "line": 12, "column": 4 },
            "end": { "line": 12, "column": 55 }
          },
          { "start": {}, "end": {} }
        ],
        "line": 12
      }
    },
    "s": { "0": 5, "1": 5, "2": 5, "3": 15, "4": 10, "5": 1, "6": 1 },
    "f": { "0": 5, "1": 5, "2": 15, "3": 1 },
    "b": { "0": [10, 5] },
    "_coverageSchema": "1a1c01bbd47fc00a2c39e90264f33305004495a9",
    "hash": "d3abb385854f2ae3e881d83ec46c0b612d0f1243"
  }
}
