TN:
SF:add.js
FN:1,(anonymous_0)
FNF:1
FNH:1
FNDA:1,(anonymous_0)
DA:1,1
DA:2,1
DA:5,1
LF:3
LH:3
BRF:0
BRH:0
end_of_record
TN:
SF:lib/Thermostat.js
FN:2,(anonymous_0)
FN:7,(anonymous_1)
FN:11,(anonymous_2)
FN:20,(anonymous_3)
FN:24,(anonymous_4)
FN:28,(anonymous_5)
FN:32,(anonymous_6)
FNF:7
FNH:7
FNDA:10,(anonymous_0)
FNDA:10,(anonymous_1)
FNDA:66,(anonymous_2)
FNDA:5,(anonymous_3)
FNDA:3,(anonymous_4)
FNDA:1,(anonymous_5)
FNDA:3,(anonymous_6)
DA:3,10
DA:4,10
DA:8,10
DA:12,66
DA:13,15
DA:15,66
DA:16,30
DA:21,5
DA:25,3
DA:29,1
DA:33,3
DA:34,1
DA:35,2
DA:36,1
DA:38,1
DA:43,1
LF:16
LH:16
BRDA:12,0,0,15
BRDA:12,0,1,51
BRDA:12,1,0,66
BRDA:12,1,1,20
BRDA:15,2,0,30
BRDA:15,2,1,36
BRDA:15,3,0,66
BRDA:15,3,1,46
BRDA:33,4,0,1
BRDA:33,4,1,2
BRDA:35,5,0,1
BRDA:35,5,1,1
BRF:12
BRH:12
end_of_record
