TN:
SF:add.js
FN:1,(anonymous_0)
FNF:1
FNH:1
FNDA:1,(anonymous_0)
DA:1,1
DA:2,1
DA:5,1
LF:3
LH:3
BRF:0
BRH:0
end_of_record
TN:
SF:lib/Thermostat.js
FN:2,(anonymous_0)
FN:7,(anonymous_1)
FN:11,(anonymous_2)
FN:20,(anonymous_3)
FN:24,(anonymous_4)
FN:28,(anonymous_5)
FN:32,(anonymous_6)
FNF:7
FNH:6
FNDA:8,(anonymous_0)
FNDA:8,(anonymous_1)
FNDA:55,(anonymous_2)
FNDA:5,(anonymous_3)
FNDA:2,(anonymous_4)
FNDA:1,(anonymous_5)
FNDA:0,(anonymous_6)
DA:3,8
DA:4,8
DA:8,8
DA:12,55
DA:13,10
DA:15,55
DA:16,24
DA:21,5
DA:25,2
DA:29,1
DA:33,0
DA:34,0
DA:35,0
DA:36,0
DA:38,0
DA:43,1
LF:16
LH:11
BRDA:12,0,0,10
BRDA:12,0,1,45
BRDA:12,1,0,55
BRDA:12,1,1,15
BRDA:15,2,0,24
BRDA:15,2,1,31
BRDA:15,3,0,55
BRDA:15,3,1,40
BRDA:33,4,0,0
BRDA:33,4,1,0
BRDA:35,5,0,0
BRDA:35,5,1,0
BRF:12
BRH:8
end_of_record
